Connecting to database specified by database.yml
Connecting to database specified by database.yml
Connecting to database specified by database.yml
  [1m[36m (0.2ms)[0m  [1mselect sqlite_version(*)[0m
  [1m[35m (1.8ms)[0m  CREATE TABLE "schema_migrations" ("version" varchar(255) NOT NULL) 
  [1m[36m (353.7ms)[0m  [1mCREATE UNIQUE INDEX "unique_schema_migrations" ON "schema_migrations" ("version")[0m
  [1m[35m (2.7ms)[0m  SELECT "schema_migrations"."version" FROM "schema_migrations" 
Migrating to CreateCustomers (20130305002818)
  [1m[36m (0.1ms)[0m  [1mbegin transaction[0m
  [1m[35m (0.8ms)[0m  CREATE TABLE "customers" ("id" INTEGER PRIMARY KEY AUTOINCREMENT NOT NULL, "name" varchar(255), "customer_type" varchar(255), "nif" integer, "street_addr" varchar(255), "cp_4d" integer, "cp_3d" integer, "city" varchar(255), "website" varchar(255), "email" varchar(255), "phone" integer, "created_at" datetime NOT NULL, "updated_at" datetime NOT NULL) 
  [1m[36m (0.2ms)[0m  [1mINSERT INTO "schema_migrations" ("version") VALUES ('20130305002818')[0m
  [1m[35m (1.7ms)[0m  commit transaction
Migrating to CreateUsers (20130305003020)
  [1m[36m (0.1ms)[0m  [1mbegin transaction[0m
  [1m[35m (0.5ms)[0m  CREATE TABLE "users" ("id" INTEGER PRIMARY KEY AUTOINCREMENT NOT NULL, "name" varchar(255), "gender" varchar(255), "date_of_birth" date, "email" varchar(255), "email_state" integer, "phone" integer, "stret_addr" varchar(255), "cp_4d" integer, "cp_3d" integer, "city" varchar(255), "password" varchar(255), "customer_id" integer, "created_at" datetime NOT NULL, "updated_at" datetime NOT NULL) 
  [1m[36m (0.2ms)[0m  [1mCREATE INDEX "index_users_on_customer_id" ON "users" ("customer_id")[0m
  [1m[35m (0.2ms)[0m  INSERT INTO "schema_migrations" ("version") VALUES ('20130305003020')
  [1m[36m (3.6ms)[0m  [1mcommit transaction[0m
  [1m[35m (0.1ms)[0m  SELECT "schema_migrations"."version" FROM "schema_migrations" 
Connecting to database specified by database.yml
  [1m[36m (2.0ms)[0m  [1mSELECT "schema_migrations"."version" FROM "schema_migrations" [0m
Migrating to CreateCustomers (20130305002818)
Migrating to CreateUsers (20130305003020)
  [1m[35m (0.1ms)[0m  select sqlite_version(*)
  [1m[36m (0.1ms)[0m  [1mSELECT "schema_migrations"."version" FROM "schema_migrations" [0m


Started GET "/" for 127.0.0.1 at 2013-03-05 00:47:22 +0000
Connecting to database specified by database.yml
Processing by HomeController#index as HTML
  Rendered home/index.html.erb within layouts/application (2.8ms)
Compiled customers.css  (11ms)  (pid 24552)
Compiled home.css  (2ms)  (pid 24552)
Compiled scaffolds.css  (20ms)  (pid 24552)
Compiled users.css  (4ms)  (pid 24552)
Compiled application.css  (111ms)  (pid 24552)
Compiled jquery.js  (3ms)  (pid 24552)
Compiled jquery_ujs.js  (1ms)  (pid 24552)
Compiled customers.js  (170ms)  (pid 24552)
Compiled home.js  (131ms)  (pid 24552)
Compiled users.js  (172ms)  (pid 24552)
Compiled application.js  (595ms)  (pid 24552)
Completed 200 OK in 943ms (Views: 942.4ms | ActiveRecord: 0.0ms)


Started GET "/assets/scaffolds.css?body=1" for 127.0.0.1 at 2013-03-05 00:47:24 +0000
Served asset /scaffolds.css - 304 Not Modified (3ms)


Started GET "/assets/customers.css?body=1" for 127.0.0.1 at 2013-03-05 00:47:24 +0000
Served asset /customers.css - 304 Not Modified (2ms)


Started GET "/assets/home.css?body=1" for 127.0.0.1 at 2013-03-05 00:47:24 +0000
Served asset /home.css - 304 Not Modified (2ms)


Started GET "/assets/jquery.js?body=1" for 127.0.0.1 at 2013-03-05 00:47:24 +0000
Served asset /jquery.js - 304 Not Modified (8ms)


Started GET "/assets/application.css?body=1" for 127.0.0.1 at 2013-03-05 00:47:24 +0000
Served asset /application.css - 304 Not Modified (6ms)


Started GET "/assets/users.css?body=1" for 127.0.0.1 at 2013-03-05 00:47:24 +0000
Served asset /users.css - 304 Not Modified (2ms)


Started GET "/assets/jquery_ujs.js?body=1" for 127.0.0.1 at 2013-03-05 00:47:24 +0000
Served asset /jquery_ujs.js - 304 Not Modified (3ms)


Started GET "/assets/customers.js?body=1" for 127.0.0.1 at 2013-03-05 00:47:24 +0000
Served asset /customers.js - 304 Not Modified (1ms)


Started GET "/assets/home.js?body=1" for 127.0.0.1 at 2013-03-05 00:47:24 +0000
Served asset /home.js - 304 Not Modified (1ms)


Started GET "/assets/users.js?body=1" for 127.0.0.1 at 2013-03-05 00:47:24 +0000
Served asset /users.js - 304 Not Modified (1ms)


Started GET "/assets/application.js?body=1" for 127.0.0.1 at 2013-03-05 00:47:24 +0000
Served asset /application.js - 304 Not Modified (12ms)
Connecting to database specified by database.yml
  [1m[36m (2.0ms)[0m  [1mSELECT "schema_migrations"."version" FROM "schema_migrations" [0m
Migrating to CreateCustomers (20130305002818)
Migrating to CreateUsers (20130305003020)
  [1m[35m (0.1ms)[0m  select sqlite_version(*)
  [1m[36m (0.1ms)[0m  [1mSELECT "schema_migrations"."version" FROM "schema_migrations" [0m


Started GET "/" for 127.0.0.1 at 2013-03-05 00:49:40 +0000
Connecting to database specified by database.yml
Processing by HomeController#index as HTML
  Rendered home/index.html.erb within layouts/application (2.9ms)
Completed 200 OK in 86ms (Views: 85.0ms | ActiveRecord: 0.0ms)


Started GET "/assets/home.css?body=1" for 127.0.0.1 at 2013-03-05 00:49:41 +0000
Served asset /home.css - 304 Not Modified (2ms)


Started GET "/assets/users.css?body=1" for 127.0.0.1 at 2013-03-05 00:49:41 +0000
Served asset /users.css - 304 Not Modified (2ms)


Started GET "/assets/customers.css?body=1" for 127.0.0.1 at 2013-03-05 00:49:41 +0000
Served asset /customers.css - 304 Not Modified (2ms)


Started GET "/assets/application.css?body=1" for 127.0.0.1 at 2013-03-05 00:49:41 +0000
Served asset /application.css - 304 Not Modified (6ms)


Started GET "/assets/jquery.js?body=1" for 127.0.0.1 at 2013-03-05 00:49:41 +0000
Served asset /jquery.js - 304 Not Modified (4ms)


Started GET "/assets/scaffolds.css?body=1" for 127.0.0.1 at 2013-03-05 00:49:41 +0000
Served asset /scaffolds.css - 304 Not Modified (2ms)


Started GET "/assets/jquery_ujs.js?body=1" for 127.0.0.1 at 2013-03-05 00:49:41 +0000
Served asset /jquery_ujs.js - 304 Not Modified (5ms)


Started GET "/assets/users.js?body=1" for 127.0.0.1 at 2013-03-05 00:49:41 +0000
Served asset /users.js - 304 Not Modified (2ms)


Started GET "/assets/home.js?body=1" for 127.0.0.1 at 2013-03-05 00:49:41 +0000
Served asset /home.js - 304 Not Modified (4ms)


Started GET "/assets/application.js?body=1" for 127.0.0.1 at 2013-03-05 00:49:41 +0000
Served asset /application.js - 304 Not Modified (11ms)


Started GET "/assets/customers.js?body=1" for 127.0.0.1 at 2013-03-05 00:49:41 +0000
Served asset /customers.js - 304 Not Modified (2ms)


Started GET "/" for 127.0.0.1 at 2013-03-05 00:49:56 +0000
Processing by HomeController#index as HTML
  Rendered home/index.html.erb within layouts/application (1.1ms)
Completed 200 OK in 10ms (Views: 9.6ms | ActiveRecord: 0.0ms)


Started GET "/assets/scaffolds.css?body=1" for 127.0.0.1 at 2013-03-05 00:49:56 +0000
Served asset /scaffolds.css - 304 Not Modified (0ms)


Started GET "/assets/users.css?body=1" for 127.0.0.1 at 2013-03-05 00:49:56 +0000
Served asset /users.css - 304 Not Modified (0ms)


Started GET "/assets/customers.css?body=1" for 127.0.0.1 at 2013-03-05 00:49:56 +0000
Served asset /customers.css - 304 Not Modified (0ms)


Started GET "/assets/application.css?body=1" for 127.0.0.1 at 2013-03-05 00:49:56 +0000
Served asset /application.css - 304 Not Modified (0ms)


Started GET "/assets/home.css?body=1" for 127.0.0.1 at 2013-03-05 00:49:56 +0000
Served asset /home.css - 304 Not Modified (0ms)


Started GET "/assets/jquery.js?body=1" for 127.0.0.1 at 2013-03-05 00:49:56 +0000
Served asset /jquery.js - 304 Not Modified (0ms)


Started GET "/assets/users.js?body=1" for 127.0.0.1 at 2013-03-05 00:49:56 +0000
Served asset /users.js - 304 Not Modified (0ms)


Started GET "/assets/customers.js?body=1" for 127.0.0.1 at 2013-03-05 00:49:56 +0000
Served asset /customers.js - 304 Not Modified (0ms)


Started GET "/assets/home.js?body=1" for 127.0.0.1 at 2013-03-05 00:49:56 +0000
Served asset /home.js - 304 Not Modified (0ms)


Started GET "/assets/jquery_ujs.js?body=1" for 127.0.0.1 at 2013-03-05 00:49:56 +0000
Served asset /jquery_ujs.js - 304 Not Modified (0ms)


Started GET "/assets/application.js?body=1" for 127.0.0.1 at 2013-03-05 00:49:57 +0000
Served asset /application.js - 304 Not Modified (0ms)


Started GET "/customers" for 127.0.0.1 at 2013-03-05 00:49:58 +0000
Processing by CustomersController#index as HTML
  [1m[36mCustomer Load (0.1ms)[0m  [1mSELECT "customers".* FROM "customers" [0m
  Rendered customers/index.html.erb within layouts/application (1.6ms)
Completed 200 OK in 79ms (Views: 10.6ms | ActiveRecord: 2.7ms)


Started GET "/assets/application.css?body=1" for 127.0.0.1 at 2013-03-05 00:49:58 +0000
Served asset /application.css - 304 Not Modified (0ms)


Started GET "/assets/customers.css?body=1" for 127.0.0.1 at 2013-03-05 00:49:58 +0000
Served asset /customers.css - 304 Not Modified (0ms)


Started GET "/assets/scaffolds.css?body=1" for 127.0.0.1 at 2013-03-05 00:49:58 +0000
Served asset /scaffolds.css - 304 Not Modified (0ms)


Started GET "/assets/jquery.js?body=1" for 127.0.0.1 at 2013-03-05 00:49:58 +0000
Served asset /jquery.js - 304 Not Modified (0ms)


Started GET "/assets/home.css?body=1" for 127.0.0.1 at 2013-03-05 00:49:58 +0000
Served asset /home.css - 304 Not Modified (0ms)


Started GET "/assets/users.css?body=1" for 127.0.0.1 at 2013-03-05 00:49:58 +0000
Served asset /users.css - 304 Not Modified (0ms)


Started GET "/assets/jquery_ujs.js?body=1" for 127.0.0.1 at 2013-03-05 00:49:58 +0000
Served asset /jquery_ujs.js - 304 Not Modified (0ms)


Started GET "/assets/customers.js?body=1" for 127.0.0.1 at 2013-03-05 00:49:58 +0000
Served asset /customers.js - 304 Not Modified (0ms)


Started GET "/assets/home.js?body=1" for 127.0.0.1 at 2013-03-05 00:49:58 +0000
Served asset /home.js - 304 Not Modified (0ms)


Started GET "/assets/users.js?body=1" for 127.0.0.1 at 2013-03-05 00:49:58 +0000
Served asset /users.js - 304 Not Modified (0ms)


Started GET "/assets/application.js?body=1" for 127.0.0.1 at 2013-03-05 00:49:59 +0000
Served asset /application.js - 304 Not Modified (0ms)


Started GET "/customers/new" for 127.0.0.1 at 2013-03-05 00:50:02 +0000
Processing by CustomersController#new as HTML
  Rendered customers/_form.html.erb (13.7ms)
  Rendered customers/new.html.erb within layouts/application (19.4ms)
Completed 200 OK in 44ms (Views: 27.3ms | ActiveRecord: 0.0ms)


Started GET "/assets/application.css?body=1" for 127.0.0.1 at 2013-03-05 00:50:02 +0000
Served asset /application.css - 304 Not Modified (0ms)


Started GET "/assets/jquery.js?body=1" for 127.0.0.1 at 2013-03-05 00:50:02 +0000
Served asset /jquery.js - 304 Not Modified (0ms)


Started GET "/assets/scaffolds.css?body=1" for 127.0.0.1 at 2013-03-05 00:50:02 +0000
Served asset /scaffolds.css - 304 Not Modified (0ms)


Started GET "/assets/home.css?body=1" for 127.0.0.1 at 2013-03-05 00:50:02 +0000
Served asset /home.css - 304 Not Modified (0ms)


Started GET "/assets/users.css?body=1" for 127.0.0.1 at 2013-03-05 00:50:02 +0000
Served asset /users.css - 304 Not Modified (0ms)


Started GET "/assets/customers.js?body=1" for 127.0.0.1 at 2013-03-05 00:50:02 +0000
Served asset /customers.js - 304 Not Modified (0ms)


Started GET "/assets/jquery_ujs.js?body=1" for 127.0.0.1 at 2013-03-05 00:50:02 +0000
Served asset /jquery_ujs.js - 304 Not Modified (0ms)


Started GET "/assets/home.js?body=1" for 127.0.0.1 at 2013-03-05 00:50:02 +0000
Served asset /home.js - 304 Not Modified (0ms)


Started GET "/assets/customers.css?body=1" for 127.0.0.1 at 2013-03-05 00:50:02 +0000
Served asset /customers.css - 304 Not Modified (0ms)


Started GET "/assets/users.js?body=1" for 127.0.0.1 at 2013-03-05 00:50:02 +0000
Served asset /users.js - 304 Not Modified (0ms)


Started GET "/assets/application.js?body=1" for 127.0.0.1 at 2013-03-05 00:50:02 +0000
Served asset /application.js - 304 Not Modified (0ms)


Started POST "/customers" for 127.0.0.1 at 2013-03-05 00:51:01 +0000
Processing by CustomersController#create as HTML
  Parameters: {"utf8"=>"✓", "authenticity_token"=>"KkFqilSBgtB1/kcBGr/j2SY4ZFARnaEKIbVOeVR7UBM=", "customer"=>{"name"=>"Cliente 1", "customer_type"=>"Empresa", "nif"=>"2334214314", "street_addr"=>"Rua Quinta da Portela, Lote 10.3 4º Esq", "cp_4d"=>"3030", "cp_3d"=>"509", "city"=>"Coimbra", "website"=>"www.teste.com", "email"=>"marconunoneves@gmail.com", "phone"=>"9321313243"}, "commit"=>"Create Customer"}
  [1m[35m (0.1ms)[0m  begin transaction
  [1m[36mSQL (8.7ms)[0m  [1mINSERT INTO "customers" ("city", "cp_3d", "cp_4d", "created_at", "customer_type", "email", "name", "nif", "phone", "street_addr", "updated_at", "website") VALUES (?, ?, ?, ?, ?, ?, ?, ?, ?, ?, ?, ?)[0m  [["city", "Coimbra"], ["cp_3d", 509], ["cp_4d", 3030], ["created_at", Tue, 05 Mar 2013 00:51:01 UTC +00:00], ["customer_type", "Empresa"], ["email", "marconunoneves@gmail.com"], ["name", "Cliente 1"], ["nif", 2334214314], ["phone", 9321313243], ["street_addr", "Rua Quinta da Portela, Lote 10.3 4º Esq"], ["updated_at", Tue, 05 Mar 2013 00:51:01 UTC +00:00], ["website", "www.teste.com"]]
  [1m[35m (1.5ms)[0m  commit transaction
Redirected to http://localhost:3000/customers/1
Completed 302 Found in 17ms (ActiveRecord: 10.4ms)


Started GET "/customers/1" for 127.0.0.1 at 2013-03-05 00:51:01 +0000
Processing by CustomersController#show as HTML
  Parameters: {"id"=>"1"}
  [1m[36mCustomer Load (0.3ms)[0m  [1mSELECT "customers".* FROM "customers" WHERE "customers"."id" = ? LIMIT 1[0m  [["id", "1"]]
  [1m[35mUser Load (0.2ms)[0m  SELECT "users".* FROM "users" WHERE "users"."customer_id" = 1
  Rendered collection (0.0ms)
  Rendered users/_form.html.erb (7.1ms)
  Rendered customers/show.html.erb within layouts/application (93.0ms)
Completed 500 Internal Server Error in 98ms

ActionView::Template::Error (undefined method `comments' for #<Customer:0x00000102e10fc0>):
    1: <%= form_for([@customer, @customer.comments.build]) do |f| %>
    2:   <div class="field">
    3:     <%= f.label :name %><br />
    4:     <%= f.text_field :name %>
  app/views/users/_form.html.erb:1:in `_app_views_users__form_html_erb___2287381950234775296_2171505940'
  app/views/customers/show.html.erb:57:in `_app_views_customers_show_html_erb___1813972198802081091_2171390380'
  app/controllers/customers_controller.rb:18:in `show'


  Rendered /Users/brimbela/.rvm/gems/ruby-1.9.3-p385/gems/actionpack-3.2.12/lib/action_dispatch/middleware/templates/rescues/_trace.erb (1.9ms)
  Rendered /Users/brimbela/.rvm/gems/ruby-1.9.3-p385/gems/actionpack-3.2.12/lib/action_dispatch/middleware/templates/rescues/_request_and_response.erb (1.4ms)
  Rendered /Users/brimbela/.rvm/gems/ruby-1.9.3-p385/gems/actionpack-3.2.12/lib/action_dispatch/middleware/templates/rescues/template_error.erb within rescues/layout (15.5ms)


Started POST "/customers" for 127.0.0.1 at 2013-03-05 00:51:37 +0000
Processing by CustomersController#create as HTML
  Parameters: {"utf8"=>"✓", "authenticity_token"=>"KkFqilSBgtB1/kcBGr/j2SY4ZFARnaEKIbVOeVR7UBM=", "customer"=>{"name"=>"Cliente 1", "customer_type"=>"Empresa", "nif"=>"2334214314", "street_addr"=>"Rua Quinta da Portela, Lote 10.3 4º Esq", "cp_4d"=>"3030", "cp_3d"=>"509", "city"=>"Coimbra", "website"=>"www.teste.com", "email"=>"marconunoneves@gmail.com", "phone"=>"9321313243"}, "commit"=>"Create Customer"}
  [1m[36m (0.1ms)[0m  [1mbegin transaction[0m
  [1m[35mSQL (0.6ms)[0m  INSERT INTO "customers" ("city", "cp_3d", "cp_4d", "created_at", "customer_type", "email", "name", "nif", "phone", "street_addr", "updated_at", "website") VALUES (?, ?, ?, ?, ?, ?, ?, ?, ?, ?, ?, ?)  [["city", "Coimbra"], ["cp_3d", 509], ["cp_4d", 3030], ["created_at", Tue, 05 Mar 2013 00:51:37 UTC +00:00], ["customer_type", "Empresa"], ["email", "marconunoneves@gmail.com"], ["name", "Cliente 1"], ["nif", 2334214314], ["phone", 9321313243], ["street_addr", "Rua Quinta da Portela, Lote 10.3 4º Esq"], ["updated_at", Tue, 05 Mar 2013 00:51:37 UTC +00:00], ["website", "www.teste.com"]]
  [1m[36m (1.5ms)[0m  [1mcommit transaction[0m
Redirected to http://localhost:3000/customers/2
Completed 302 Found in 6ms (ActiveRecord: 2.2ms)


Started GET "/customers/2" for 127.0.0.1 at 2013-03-05 00:51:37 +0000
Processing by CustomersController#show as HTML
  Parameters: {"id"=>"2"}
  [1m[35mCustomer Load (0.1ms)[0m  SELECT "customers".* FROM "customers" WHERE "customers"."id" = ? LIMIT 1  [["id", "2"]]
  [1m[36mUser Load (0.2ms)[0m  [1mSELECT "users".* FROM "users" WHERE "users"."customer_id" = 2[0m
  Rendered collection (0.0ms)
  Rendered users/_form.html.erb (28.9ms)
  Rendered customers/show.html.erb within layouts/application (32.9ms)
Completed 200 OK in 42ms (Views: 40.5ms | ActiveRecord: 0.3ms)


Started GET "/assets/customers.css?body=1" for 127.0.0.1 at 2013-03-05 00:51:37 +0000
Served asset /customers.css - 304 Not Modified (0ms)


Started GET "/assets/home.css?body=1" for 127.0.0.1 at 2013-03-05 00:51:37 +0000
Served asset /home.css - 304 Not Modified (0ms)


Started GET "/assets/jquery.js?body=1" for 127.0.0.1 at 2013-03-05 00:51:37 +0000
Served asset /jquery.js - 304 Not Modified (0ms)


Started GET "/assets/scaffolds.css?body=1" for 127.0.0.1 at 2013-03-05 00:51:37 +0000
Served asset /scaffolds.css - 304 Not Modified (0ms)


Started GET "/assets/users.css?body=1" for 127.0.0.1 at 2013-03-05 00:51:37 +0000
Served asset /users.css - 304 Not Modified (0ms)


Started GET "/assets/jquery_ujs.js?body=1" for 127.0.0.1 at 2013-03-05 00:51:37 +0000
Served asset /jquery_ujs.js - 304 Not Modified (0ms)


Started GET "/assets/application.css?body=1" for 127.0.0.1 at 2013-03-05 00:51:37 +0000
Served asset /application.css - 304 Not Modified (0ms)


Started GET "/assets/customers.js?body=1" for 127.0.0.1 at 2013-03-05 00:51:37 +0000
Served asset /customers.js - 304 Not Modified (0ms)


Started GET "/assets/home.js?body=1" for 127.0.0.1 at 2013-03-05 00:51:37 +0000
Served asset /home.js - 304 Not Modified (0ms)


Started GET "/assets/users.js?body=1" for 127.0.0.1 at 2013-03-05 00:51:37 +0000
Served asset /users.js - 304 Not Modified (0ms)


Started GET "/assets/application.js?body=1" for 127.0.0.1 at 2013-03-05 00:51:37 +0000
Served asset /application.js - 304 Not Modified (0ms)


Started POST "/customers/2/users" for 127.0.0.1 at 2013-03-05 00:52:02 +0000
Processing by UsersController#create as HTML
  Parameters: {"utf8"=>"✓", "authenticity_token"=>"KkFqilSBgtB1/kcBGr/j2SY4ZFARnaEKIbVOeVR7UBM=", "user"=>{"name"=>"Vice-Presidente da Treta", "email"=>"asdfaa@fdasf.com"}, "commit"=>"Create User", "customer_id"=>"2"}
Completed 500 Internal Server Error in 1ms

NameError (uninitialized constant UsersController::Post):
  app/controllers/users_controller.rb:4:in `create'


  Rendered /Users/brimbela/.rvm/gems/ruby-1.9.3-p385/gems/actionpack-3.2.12/lib/action_dispatch/middleware/templates/rescues/_trace.erb (1.7ms)
  Rendered /Users/brimbela/.rvm/gems/ruby-1.9.3-p385/gems/actionpack-3.2.12/lib/action_dispatch/middleware/templates/rescues/_request_and_response.erb (1.3ms)
  Rendered /Users/brimbela/.rvm/gems/ruby-1.9.3-p385/gems/actionpack-3.2.12/lib/action_dispatch/middleware/templates/rescues/diagnostics.erb within rescues/layout (11.7ms)


Started POST "/customers/2/users" for 127.0.0.1 at 2013-03-05 00:55:04 +0000
Processing by UsersController#create as HTML
  Parameters: {"utf8"=>"✓", "authenticity_token"=>"KkFqilSBgtB1/kcBGr/j2SY4ZFARnaEKIbVOeVR7UBM=", "user"=>{"name"=>"Vice-Presidente da Treta", "email"=>"asdfaa@fdasf.com"}, "commit"=>"Create User", "customer_id"=>"2"}
  [1m[35mCustomer Load (0.2ms)[0m  SELECT "customers".* FROM "customers" WHERE "customers"."id" = ? LIMIT 1  [["id", "2"]]
  [1m[36m (0.1ms)[0m  [1mbegin transaction[0m
  [1m[35mSQL (0.8ms)[0m  INSERT INTO "users" ("city", "cp_3d", "cp_4d", "created_at", "customer_id", "date_of_birth", "email", "email_state", "gender", "name", "password", "phone", "stret_addr", "updated_at") VALUES (?, ?, ?, ?, ?, ?, ?, ?, ?, ?, ?, ?, ?, ?)  [["city", nil], ["cp_3d", nil], ["cp_4d", nil], ["created_at", Tue, 05 Mar 2013 00:55:04 UTC +00:00], ["customer_id", 2], ["date_of_birth", nil], ["email", "asdfaa@fdasf.com"], ["email_state", nil], ["gender", nil], ["name", "Vice-Presidente da Treta"], ["password", nil], ["phone", nil], ["stret_addr", nil], ["updated_at", Tue, 05 Mar 2013 00:55:04 UTC +00:00]]
  [1m[36m (1.5ms)[0m  [1mcommit transaction[0m
Redirected to http://localhost:3000/customers/2
Completed 302 Found in 96ms (ActiveRecord: 3.8ms)


Started GET "/customers/2" for 127.0.0.1 at 2013-03-05 00:55:04 +0000
Processing by CustomersController#show as HTML
  Parameters: {"id"=>"2"}
  [1m[35mCustomer Load (0.2ms)[0m  SELECT "customers".* FROM "customers" WHERE "customers"."id" = ? LIMIT 1  [["id", "2"]]
  [1m[36mUser Load (0.3ms)[0m  [1mSELECT "users".* FROM "users" WHERE "users"."customer_id" = 2[0m
  Rendered users/_user.html.erb (0.7ms)
  Rendered users/_form.html.erb (5.0ms)
  Rendered customers/show.html.erb within layouts/application (10.9ms)
Completed 200 OK in 21ms (Views: 19.0ms | ActiveRecord: 0.4ms)


Started GET "/assets/application.css?body=1" for 127.0.0.1 at 2013-03-05 00:55:04 +0000
Served asset /application.css - 304 Not Modified (0ms)


Started GET "/assets/customers.css?body=1" for 127.0.0.1 at 2013-03-05 00:55:04 +0000
Served asset /customers.css - 304 Not Modified (0ms)


Started GET "/assets/users.css?body=1" for 127.0.0.1 at 2013-03-05 00:55:04 +0000
Served asset /users.css - 304 Not Modified (0ms)


Started GET "/assets/jquery.js?body=1" for 127.0.0.1 at 2013-03-05 00:55:04 +0000
Served asset /jquery.js - 304 Not Modified (0ms)


Started GET "/assets/home.css?body=1" for 127.0.0.1 at 2013-03-05 00:55:04 +0000
Served asset /home.css - 304 Not Modified (0ms)


Started GET "/assets/scaffolds.css?body=1" for 127.0.0.1 at 2013-03-05 00:55:04 +0000
Served asset /scaffolds.css - 304 Not Modified (0ms)


Started GET "/assets/jquery_ujs.js?body=1" for 127.0.0.1 at 2013-03-05 00:55:04 +0000
Served asset /jquery_ujs.js - 304 Not Modified (0ms)


Started GET "/assets/customers.js?body=1" for 127.0.0.1 at 2013-03-05 00:55:04 +0000
Served asset /customers.js - 304 Not Modified (0ms)


Started GET "/assets/home.js?body=1" for 127.0.0.1 at 2013-03-05 00:55:04 +0000
Served asset /home.js - 304 Not Modified (0ms)


Started GET "/assets/users.js?body=1" for 127.0.0.1 at 2013-03-05 00:55:04 +0000
Served asset /users.js - 304 Not Modified (0ms)


Started GET "/assets/application.js?body=1" for 127.0.0.1 at 2013-03-05 00:55:04 +0000
Served asset /application.js - 304 Not Modified (0ms)


Started GET "/customers" for 127.0.0.1 at 2013-03-05 00:55:16 +0000
Processing by CustomersController#index as HTML
  [1m[35mCustomer Load (0.3ms)[0m  SELECT "customers".* FROM "customers" 
  Rendered customers/index.html.erb within layouts/application (2.8ms)
Completed 200 OK in 13ms (Views: 11.0ms | ActiveRecord: 0.3ms)


Started GET "/assets/application.css?body=1" for 127.0.0.1 at 2013-03-05 00:55:16 +0000
Served asset /application.css - 304 Not Modified (0ms)


Started GET "/assets/customers.css?body=1" for 127.0.0.1 at 2013-03-05 00:55:16 +0000
Served asset /customers.css - 304 Not Modified (0ms)


Started GET "/assets/home.css?body=1" for 127.0.0.1 at 2013-03-05 00:55:16 +0000
Served asset /home.css - 304 Not Modified (0ms)


Started GET "/assets/users.css?body=1" for 127.0.0.1 at 2013-03-05 00:55:16 +0000
Served asset /users.css - 304 Not Modified (0ms)


Started GET "/assets/jquery_ujs.js?body=1" for 127.0.0.1 at 2013-03-05 00:55:16 +0000
Served asset /jquery_ujs.js - 304 Not Modified (0ms)


Started GET "/assets/jquery.js?body=1" for 127.0.0.1 at 2013-03-05 00:55:16 +0000
Served asset /jquery.js - 304 Not Modified (0ms)


Started GET "/assets/scaffolds.css?body=1" for 127.0.0.1 at 2013-03-05 00:55:16 +0000
Served asset /scaffolds.css - 304 Not Modified (0ms)


Started GET "/assets/customers.js?body=1" for 127.0.0.1 at 2013-03-05 00:55:16 +0000
Served asset /customers.js - 304 Not Modified (0ms)


Started GET "/assets/home.js?body=1" for 127.0.0.1 at 2013-03-05 00:55:16 +0000
Served asset /home.js - 304 Not Modified (0ms)


Started GET "/assets/users.js?body=1" for 127.0.0.1 at 2013-03-05 00:55:16 +0000
Served asset /users.js - 304 Not Modified (0ms)


Started GET "/assets/application.js?body=1" for 127.0.0.1 at 2013-03-05 00:55:16 +0000
Served asset /application.js - 304 Not Modified (0ms)


Started DELETE "/customers/2" for 127.0.0.1 at 2013-03-05 00:55:21 +0000
Processing by CustomersController#destroy as HTML
  Parameters: {"authenticity_token"=>"KkFqilSBgtB1/kcBGr/j2SY4ZFARnaEKIbVOeVR7UBM=", "id"=>"2"}
  [1m[36mCustomer Load (0.2ms)[0m  [1mSELECT "customers".* FROM "customers" WHERE "customers"."id" = ? LIMIT 1[0m  [["id", "2"]]
  [1m[35m (0.1ms)[0m  begin transaction
  [1m[36mSQL (0.4ms)[0m  [1mDELETE FROM "customers" WHERE "customers"."id" = ?[0m  [["id", 2]]
  [1m[35m (1.4ms)[0m  commit transaction
Redirected to http://localhost:3000/customers
Completed 302 Found in 7ms (ActiveRecord: 2.1ms)


Started GET "/customers" for 127.0.0.1 at 2013-03-05 00:55:21 +0000
Processing by CustomersController#index as HTML
  [1m[36mCustomer Load (0.3ms)[0m  [1mSELECT "customers".* FROM "customers" [0m
  Rendered customers/index.html.erb within layouts/application (1.8ms)
Completed 200 OK in 12ms (Views: 10.0ms | ActiveRecord: 0.3ms)


Started GET "/assets/application.css?body=1" for 127.0.0.1 at 2013-03-05 00:55:21 +0000
Served asset /application.css - 304 Not Modified (0ms)


Started GET "/assets/customers.css?body=1" for 127.0.0.1 at 2013-03-05 00:55:21 +0000
Served asset /customers.css - 304 Not Modified (0ms)


Started GET "/assets/home.css?body=1" for 127.0.0.1 at 2013-03-05 00:55:21 +0000
Served asset /home.css - 304 Not Modified (0ms)


Started GET "/assets/jquery_ujs.js?body=1" for 127.0.0.1 at 2013-03-05 00:55:21 +0000
Served asset /jquery_ujs.js - 304 Not Modified (0ms)


Started GET "/assets/users.css?body=1" for 127.0.0.1 at 2013-03-05 00:55:21 +0000
Served asset /users.css - 304 Not Modified (0ms)


Started GET "/assets/customers.js?body=1" for 127.0.0.1 at 2013-03-05 00:55:21 +0000
Served asset /customers.js - 304 Not Modified (0ms)


Started GET "/assets/scaffolds.css?body=1" for 127.0.0.1 at 2013-03-05 00:55:21 +0000
Served asset /scaffolds.css - 304 Not Modified (0ms)


Started GET "/assets/jquery.js?body=1" for 127.0.0.1 at 2013-03-05 00:55:21 +0000
Served asset /jquery.js - 304 Not Modified (0ms)


Started GET "/assets/users.js?body=1" for 127.0.0.1 at 2013-03-05 00:55:21 +0000
Served asset /users.js - 304 Not Modified (0ms)


Started GET "/assets/home.js?body=1" for 127.0.0.1 at 2013-03-05 00:55:21 +0000
Served asset /home.js - 304 Not Modified (0ms)


Started GET "/assets/application.js?body=1" for 127.0.0.1 at 2013-03-05 00:55:21 +0000
Served asset /application.js - 304 Not Modified (0ms)


Started DELETE "/customers/1" for 127.0.0.1 at 2013-03-05 00:55:24 +0000
Processing by CustomersController#destroy as HTML
  Parameters: {"authenticity_token"=>"KkFqilSBgtB1/kcBGr/j2SY4ZFARnaEKIbVOeVR7UBM=", "id"=>"1"}
  [1m[35mCustomer Load (0.2ms)[0m  SELECT "customers".* FROM "customers" WHERE "customers"."id" = ? LIMIT 1  [["id", "1"]]
  [1m[36m (0.1ms)[0m  [1mbegin transaction[0m
  [1m[35mSQL (0.3ms)[0m  DELETE FROM "customers" WHERE "customers"."id" = ?  [["id", 1]]
  [1m[36m (1.6ms)[0m  [1mcommit transaction[0m
Redirected to http://localhost:3000/customers
Completed 302 Found in 5ms (ActiveRecord: 2.3ms)


Started GET "/customers" for 127.0.0.1 at 2013-03-05 00:55:24 +0000
Processing by CustomersController#index as HTML
  [1m[35mCustomer Load (0.3ms)[0m  SELECT "customers".* FROM "customers" 
  Rendered customers/index.html.erb within layouts/application (0.4ms)
Completed 200 OK in 62ms (Views: 61.3ms | ActiveRecord: 0.3ms)


Started GET "/assets/application.css?body=1" for 127.0.0.1 at 2013-03-05 00:55:24 +0000
Served asset /application.css - 304 Not Modified (0ms)


Started GET "/assets/customers.css?body=1" for 127.0.0.1 at 2013-03-05 00:55:24 +0000
Served asset /customers.css - 304 Not Modified (0ms)


Started GET "/assets/home.css?body=1" for 127.0.0.1 at 2013-03-05 00:55:24 +0000
Served asset /home.css - 304 Not Modified (0ms)


Started GET "/assets/scaffolds.css?body=1" for 127.0.0.1 at 2013-03-05 00:55:24 +0000
Served asset /scaffolds.css - 304 Not Modified (0ms)


Started GET "/assets/users.css?body=1" for 127.0.0.1 at 2013-03-05 00:55:24 +0000
Served asset /users.css - 304 Not Modified (0ms)


Started GET "/assets/jquery.js?body=1" for 127.0.0.1 at 2013-03-05 00:55:24 +0000
Served asset /jquery.js - 304 Not Modified (0ms)


Started GET "/assets/jquery_ujs.js?body=1" for 127.0.0.1 at 2013-03-05 00:55:24 +0000
Served asset /jquery_ujs.js - 304 Not Modified (0ms)


Started GET "/assets/customers.js?body=1" for 127.0.0.1 at 2013-03-05 00:55:24 +0000
Served asset /customers.js - 304 Not Modified (0ms)


Started GET "/assets/home.js?body=1" for 127.0.0.1 at 2013-03-05 00:55:24 +0000
Served asset /home.js - 304 Not Modified (0ms)


Started GET "/assets/users.js?body=1" for 127.0.0.1 at 2013-03-05 00:55:24 +0000
Served asset /users.js - 304 Not Modified (0ms)


Started GET "/assets/application.js?body=1" for 127.0.0.1 at 2013-03-05 00:55:24 +0000
Served asset /application.js - 304 Not Modified (0ms)
